[0.439s] Invoking command in '/home/u1/ros2_ws/src/rover_package': PYTHONPATH=/home/u1/ros2_ws/src/rover_package/build/rover_package/prefix_override:/usr/lib/python3/dist-packages/colcon_core/task/python/colcon_distutils_commands:/home/u1/ros2_ws/src/rover_package/install/rover_package/lib/python3.10/site-packages:${PYTHONPATH} /usr/bin/python3 -W ignore:setup.py install is deprecated setup.py egg_info --egg-base build/rover_package build --build-base /home/u1/ros2_ws/src/rover_package/build/rover_package/build install --record /home/u1/ros2_ws/src/rover_package/build/rover_package/install.log --single-version-externally-managed install_data
[0.624s] running egg_info
[0.624s] writing build/rover_package/rover_package.egg-info/PKG-INFO
[0.624s] writing dependency_links to build/rover_package/rover_package.egg-info/dependency_links.txt
[0.624s] writing entry points to build/rover_package/rover_package.egg-info/entry_points.txt
[0.625s] writing requirements to build/rover_package/rover_package.egg-info/requires.txt
[0.625s] writing top-level names to build/rover_package/rover_package.egg-info/top_level.txt
[0.626s] reading manifest file 'build/rover_package/rover_package.egg-info/SOURCES.txt'
[0.626s] adding license file 'LICENSE'
[0.626s] writing manifest file 'build/rover_package/rover_package.egg-info/SOURCES.txt'
[0.626s] running build
[0.626s] running build_py
[0.627s] running install
[0.627s] running install_lib
[0.628s] running install_data
[0.628s] running install_egg_info
[0.629s] removing '/home/u1/ros2_ws/src/rover_package/install/rover_package/lib/python3.10/site-packages/rover_package-0.0.0-py3.10.egg-info' (and everything under it)
[0.630s] Copying build/rover_package/rover_package.egg-info to /home/u1/ros2_ws/src/rover_package/install/rover_package/lib/python3.10/site-packages/rover_package-0.0.0-py3.10.egg-info
[0.630s] running install_scripts
[0.643s] Installing main_run script to /home/u1/ros2_ws/src/rover_package/install/rover_package/lib/rover_package
[0.643s] Installing my_robot_driver script to /home/u1/ros2_ws/src/rover_package/install/rover_package/lib/rover_package
[0.643s] writing list of installed files to '/home/u1/ros2_ws/src/rover_package/build/rover_package/install.log'
[0.659s] Invoked command in '/home/u1/ros2_ws/src/rover_package' returned '0': PYTHONPATH=/home/u1/ros2_ws/src/rover_package/build/rover_package/prefix_override:/usr/lib/python3/dist-packages/colcon_core/task/python/colcon_distutils_commands:/home/u1/ros2_ws/src/rover_package/install/rover_package/lib/python3.10/site-packages:${PYTHONPATH} /usr/bin/python3 -W ignore:setup.py install is deprecated setup.py egg_info --egg-base build/rover_package build --build-base /home/u1/ros2_ws/src/rover_package/build/rover_package/build install --record /home/u1/ros2_ws/src/rover_package/build/rover_package/install.log --single-version-externally-managed install_data
