[1.540s] Invoking command in '/home/u1/ros2_ws/src/rover_package': PYTHONPATH=/home/u1/ros2_ws/src/rover_package/build/rover_package/prefix_override:/usr/lib/python3/dist-packages/colcon_core/task/python/colcon_distutils_commands:/home/u1/ros2_ws/src/rover_package/install/rover_package/lib/python3.10/site-packages:${PYTHONPATH} /usr/bin/python3 -W ignore:setup.py install is deprecated setup.py egg_info --egg-base build/rover_package build --build-base /home/u1/ros2_ws/src/rover_package/build/rover_package/build install --record /home/u1/ros2_ws/src/rover_package/build/rover_package/install.log --single-version-externally-managed install_data
[1.922s] running egg_info
[1.923s] writing build/rover_package/rover_package.egg-info/PKG-INFO
[1.923s] writing dependency_links to build/rover_package/rover_package.egg-info/dependency_links.txt
[1.924s] writing entry points to build/rover_package/rover_package.egg-info/entry_points.txt
[1.924s] writing requirements to build/rover_package/rover_package.egg-info/requires.txt
[1.924s] writing top-level names to build/rover_package/rover_package.egg-info/top_level.txt
[1.926s] reading manifest file 'build/rover_package/rover_package.egg-info/SOURCES.txt'
[1.927s] adding license file 'LICENSE'
[1.930s] writing manifest file 'build/rover_package/rover_package.egg-info/SOURCES.txt'
[1.930s] running build
[1.930s] running build_py
[1.931s] copying rover_package/main_run.py -> /home/u1/ros2_ws/src/rover_package/build/rover_package/build/lib/rover_package
[1.931s] running install
[1.931s] running install_lib
[1.931s] copying /home/u1/ros2_ws/src/rover_package/build/rover_package/build/lib/rover_package/main_run.py -> /home/u1/ros2_ws/src/rover_package/install/rover_package/lib/python3.10/site-packages/rover_package
[1.931s] byte-compiling /home/u1/ros2_ws/src/rover_package/install/rover_package/lib/python3.10/site-packages/rover_package/main_run.py to main_run.cpython-310.pyc
[1.932s] running install_data
[1.932s] copying launch/robot_launch.py -> /home/u1/ros2_ws/src/rover_package/install/rover_package/share/rover_package/launch
[1.932s] running install_egg_info
[1.935s] removing '/home/u1/ros2_ws/src/rover_package/install/rover_package/lib/python3.10/site-packages/rover_package-0.0.0-py3.10.egg-info' (and everything under it)
[1.935s] Copying build/rover_package/rover_package.egg-info to /home/u1/ros2_ws/src/rover_package/install/rover_package/lib/python3.10/site-packages/rover_package-0.0.0-py3.10.egg-info
[1.937s] running install_scripts
[1.967s] Installing main_run script to /home/u1/ros2_ws/src/rover_package/install/rover_package/lib/rover_package
[1.968s] Installing my_robot_driver script to /home/u1/ros2_ws/src/rover_package/install/rover_package/lib/rover_package
[1.968s] writing list of installed files to '/home/u1/ros2_ws/src/rover_package/build/rover_package/install.log'
[1.997s] Invoked command in '/home/u1/ros2_ws/src/rover_package' returned '0': PYTHONPATH=/home/u1/ros2_ws/src/rover_package/build/rover_package/prefix_override:/usr/lib/python3/dist-packages/colcon_core/task/python/colcon_distutils_commands:/home/u1/ros2_ws/src/rover_package/install/rover_package/lib/python3.10/site-packages:${PYTHONPATH} /usr/bin/python3 -W ignore:setup.py install is deprecated setup.py egg_info --egg-base build/rover_package build --build-base /home/u1/ros2_ws/src/rover_package/build/rover_package/build install --record /home/u1/ros2_ws/src/rover_package/build/rover_package/install.log --single-version-externally-managed install_data
