[0.689s] DEBUG:colcon:Command line arguments: ['/usr/bin/colcon', 'build']
[0.689s] DEBUG:colcon:Parsed command line arguments: Namespace(log_base=None, log_level=None, verb_name='build', build_base='build', install_base='install', merge_install=False, symlink_install=False, test_result_base=None, continue_on_error=False, executor='parallel', parallel_workers=20, event_handlers=None, ignore_user_meta=False, metas=['./colcon.meta'], base_paths=['.'], packages_ignore=None, packages_ignore_regex=None, paths=None, packages_up_to=None, packages_up_to_regex=None, packages_above=None, packages_above_and_dependencies=None, packages_above_depth=None, packages_select_by_dep=None, packages_skip_by_dep=None, packages_skip_up_to=None, packages_select_build_failed=False, packages_skip_build_finished=False, packages_select_test_failures=False, packages_skip_test_passed=False, packages_select=None, packages_skip=None, packages_select_regex=None, packages_skip_regex=None, packages_start=None, packages_end=None, allow_overriding=[], cmake_args=None, cmake_target=None, cmake_target_skip_unavailable=False, cmake_clean_cache=False, cmake_clean_first=False, cmake_force_configure=False, ament_cmake_args=None, catkin_cmake_args=None, catkin_skip_building_tests=False, mixin_files=None, mixin=None, verb_parser=<colcon_mixin.mixin.mixin_argument.MixinArgumentDecorator object at 0x7f64a3cfc6a0>, verb_extension=<colcon_core.verb.build.BuildVerb object at 0x7f64a3e00e80>, main=<bound method BuildVerb.main of <colcon_core.verb.build.BuildVerb object at 0x7f64a3e00e80>>, mixin_verb=('build',))
[1.257s] Level 1:colcon.colcon_core.package_discovery:discover_packages(colcon_meta) check parameters
[1.258s] Level 1:colcon.colcon_core.package_discovery:discover_packages(recursive) check parameters
[1.258s] Level 1:colcon.colcon_core.package_discovery:discover_packages(ignore) check parameters
[1.258s] Level 1:colcon.colcon_core.package_discovery:discover_packages(path) check parameters
[1.258s] Level 1:colcon.colcon_core.package_discovery:discover_packages(colcon_meta) discover
[1.258s] Level 1:colcon.colcon_core.package_discovery:discover_packages(recursive) discover
[1.258s] INFO:colcon.colcon_core.package_discovery:Crawling recursively for packages in '/home/u1/ros2_ws/src/rover_package'
[1.258s] Level 1:colcon.colcon_core.package_identification:_identify(.) by extensions ['ignore', 'ignore_ament_install']
[1.258s] Level 1:colcon.colcon_core.package_identification:_identify(.) by extension 'ignore'
[1.258s] Level 1:colcon.colcon_core.package_identification:_identify(.) by extension 'ignore_ament_install'
[1.258s] Level 1:colcon.colcon_core.package_identification:_identify(.) by extensions ['colcon_pkg']
[1.258s] Level 1:colcon.colcon_core.package_identification:_identify(.) by extension 'colcon_pkg'
[1.258s] Level 1:colcon.colcon_core.package_identification:_identify(.) by extensions ['colcon_meta']
[1.258s] Level 1:colcon.colcon_core.package_identification:_identify(.) by extension 'colcon_meta'
[1.258s] Level 1:colcon.colcon_core.package_identification:_identify(.) by extensions ['ros']
[1.258s] Level 1:colcon.colcon_core.package_identification:_identify(.) by extension 'ros'
[1.292s] DEBUG:colcon.colcon_core.package_identification:Package '.' with type 'ros.ament_python' and name 'rover_package'
[1.292s] Level 1:colcon.colcon_core.package_discovery:discover_packages(recursive) using defaults
[1.292s] Level 1:colcon.colcon_core.package_discovery:discover_packages(ignore) discover
[1.292s] Level 1:colcon.colcon_core.package_discovery:discover_packages(ignore) using defaults
[1.292s] Level 1:colcon.colcon_core.package_discovery:discover_packages(path) discover
[1.292s] Level 1:colcon.colcon_core.package_discovery:discover_packages(path) using defaults
[1.339s] Level 1:colcon.colcon_core.package_discovery:discover_packages(prefix_path) check parameters
[1.340s] Level 1:colcon.colcon_core.package_discovery:discover_packages(prefix_path) discover
[1.352s] DEBUG:colcon.colcon_installed_package_information.package_discovery:Found 28 installed packages in /home/u1/ros2_ws/install
[1.352s] DEBUG:colcon.colcon_installed_package_information.package_discovery:Found 1 installed packages in /home/u1/ros2_ws/src/new_package/install
[1.354s] DEBUG:colcon.colcon_installed_package_information.package_discovery:Found 46 installed packages in /home/u1/install
[1.356s] DEBUG:colcon.colcon_installed_package_information.package_discovery:Found 16 installed packages in /home/u1/ros2_ws/src/install
[1.359s] DEBUG:colcon.colcon_installed_package_information.package_discovery:Found 18 installed packages in /home/u1/turtlebot3_ws/install
[1.362s] DEBUG:colcon.colcon_installed_package_information.package_discovery:Found 386 installed packages in /opt/ros/humble
[1.365s] Level 1:colcon.colcon_core.package_discovery:discover_packages(prefix_path) using defaults
[1.618s] Level 5:colcon.colcon_core.verb:set package 'rover_package' build argument 'cmake_args' from command line to 'None'
[1.618s] Level 5:colcon.colcon_core.verb:set package 'rover_package' build argument 'cmake_target' from command line to 'None'
[1.619s] Level 5:colcon.colcon_core.verb:set package 'rover_package' build argument 'cmake_target_skip_unavailable' from command line to 'False'
[1.619s] Level 5:colcon.colcon_core.verb:set package 'rover_package' build argument 'cmake_clean_cache' from command line to 'False'
[1.619s] Level 5:colcon.colcon_core.verb:set package 'rover_package' build argument 'cmake_clean_first' from command line to 'False'
[1.619s] Level 5:colcon.colcon_core.verb:set package 'rover_package' build argument 'cmake_force_configure' from command line to 'False'
[1.619s] Level 5:colcon.colcon_core.verb:set package 'rover_package' build argument 'ament_cmake_args' from command line to 'None'
[1.619s] Level 5:colcon.colcon_core.verb:set package 'rover_package' build argument 'catkin_cmake_args' from command line to 'None'
[1.619s] Level 5:colcon.colcon_core.verb:set package 'rover_package' build argument 'catkin_skip_building_tests' from command line to 'False'
[1.619s] DEBUG:colcon.colcon_core.verb:Building package 'rover_package' with the following arguments: {'ament_cmake_args': None, 'build_base': '/home/u1/ros2_ws/src/rover_package/build/rover_package', 'catkin_cmake_args': None, 'catkin_skip_building_tests': False, 'cmake_args': None, 'cmake_clean_cache': False, 'cmake_clean_first': False, 'cmake_force_configure': False, 'cmake_target': None, 'cmake_target_skip_unavailable': False, 'install_base': '/home/u1/ros2_ws/src/rover_package/install/rover_package', 'merge_install': False, 'path': '/home/u1/ros2_ws/src/rover_package', 'symlink_install': False, 'test_result_base': None}
[1.619s] INFO:colcon.colcon_core.executor:Executing jobs using 'parallel' executor
[1.620s] DEBUG:colcon.colcon_parallel_executor.executor.parallel:run_until_complete
[1.621s] INFO:colcon.colcon_ros.task.ament_python.build:Building ROS package in '/home/u1/ros2_ws/src/rover_package' with build type 'ament_python'
[1.622s] Level 1:colcon.colcon_core.shell:create_environment_hook('rover_package', 'ament_prefix_path')
[1.631s] INFO:colcon.colcon_core.plugin_system:Skipping extension 'colcon_core.shell.bat': Not used on non-Windows systems
[1.631s] INFO:colcon.colcon_core.shell:Creating environment hook '/home/u1/ros2_ws/src/rover_package/install/rover_package/share/rover_package/hook/ament_prefix_path.ps1'
[1.633s] INFO:colcon.colcon_core.shell:Creating environment descriptor '/home/u1/ros2_ws/src/rover_package/install/rover_package/share/rover_package/hook/ament_prefix_path.dsv'
[1.634s] INFO:colcon.colcon_core.shell:Creating environment hook '/home/u1/ros2_ws/src/rover_package/install/rover_package/share/rover_package/hook/ament_prefix_path.sh'
[1.636s] INFO:colcon.colcon_core.shell:Skip shell extension 'powershell' for command environment: Not usable outside of PowerShell
[1.636s] DEBUG:colcon.colcon_core.shell:Skip shell extension 'dsv' for command environment
[2.059s] INFO:colcon.colcon_core.task.python.build:Building Python package in '/home/u1/ros2_ws/src/rover_package'
[2.060s] INFO:colcon.colcon_core.shell:Skip shell extension 'powershell' for command environment: Not usable outside of PowerShell
[2.060s] DEBUG:colcon.colcon_core.shell:Skip shell extension 'dsv' for command environment
[3.161s] DEBUG:colcon.colcon_core.event_handler.log_command:Invoking command in '/home/u1/ros2_ws/src/rover_package': PYTHONPATH=/home/u1/ros2_ws/src/rover_package/build/rover_package/prefix_override:/usr/lib/python3/dist-packages/colcon_core/task/python/colcon_distutils_commands:/home/u1/ros2_ws/src/rover_package/install/rover_package/lib/python3.10/site-packages:${PYTHONPATH} /usr/bin/python3 -W ignore:setup.py install is deprecated setup.py egg_info --egg-base build/rover_package build --build-base /home/u1/ros2_ws/src/rover_package/build/rover_package/build install --record /home/u1/ros2_ws/src/rover_package/build/rover_package/install.log --single-version-externally-managed install_data
[3.619s] DEBUG:colcon.colcon_core.event_handler.log_command:Invoked command in '/home/u1/ros2_ws/src/rover_package' returned '0': PYTHONPATH=/home/u1/ros2_ws/src/rover_package/build/rover_package/prefix_override:/usr/lib/python3/dist-packages/colcon_core/task/python/colcon_distutils_commands:/home/u1/ros2_ws/src/rover_package/install/rover_package/lib/python3.10/site-packages:${PYTHONPATH} /usr/bin/python3 -W ignore:setup.py install is deprecated setup.py egg_info --egg-base build/rover_package build --build-base /home/u1/ros2_ws/src/rover_package/build/rover_package/build install --record /home/u1/ros2_ws/src/rover_package/build/rover_package/install.log --single-version-externally-managed install_data
[3.627s] Level 1:colcon.colcon_core.environment:checking '/home/u1/ros2_ws/src/rover_package/install/rover_package' for CMake module files
[3.627s] Level 1:colcon.colcon_core.environment:checking '/home/u1/ros2_ws/src/rover_package/install/rover_package' for CMake config files
[3.628s] Level 1:colcon.colcon_core.environment:checking '/home/u1/ros2_ws/src/rover_package/install/rover_package/lib'
[3.628s] Level 1:colcon.colcon_core.environment:checking '/home/u1/ros2_ws/src/rover_package/install/rover_package/bin'
[3.628s] Level 1:colcon.colcon_core.environment:checking '/home/u1/ros2_ws/src/rover_package/install/rover_package/lib/pkgconfig/rover_package.pc'
[3.628s] Level 1:colcon.colcon_core.environment:checking '/home/u1/ros2_ws/src/rover_package/install/rover_package/lib/python3.10/site-packages'
[3.629s] Level 1:colcon.colcon_core.shell:create_environment_hook('rover_package', 'pythonpath')
[3.629s] INFO:colcon.colcon_core.shell:Creating environment hook '/home/u1/ros2_ws/src/rover_package/install/rover_package/share/rover_package/hook/pythonpath.ps1'
[3.630s] INFO:colcon.colcon_core.shell:Creating environment descriptor '/home/u1/ros2_ws/src/rover_package/install/rover_package/share/rover_package/hook/pythonpath.dsv'
[3.630s] INFO:colcon.colcon_core.shell:Creating environment hook '/home/u1/ros2_ws/src/rover_package/install/rover_package/share/rover_package/hook/pythonpath.sh'
[3.631s] Level 1:colcon.colcon_core.environment:checking '/home/u1/ros2_ws/src/rover_package/install/rover_package/bin'
[3.631s] Level 1:colcon.colcon_core.environment:create_environment_scripts_only(rover_package)
[3.631s] INFO:colcon.colcon_core.shell:Creating package script '/home/u1/ros2_ws/src/rover_package/install/rover_package/share/rover_package/package.ps1'
[3.632s] INFO:colcon.colcon_core.shell:Creating package descriptor '/home/u1/ros2_ws/src/rover_package/install/rover_package/share/rover_package/package.dsv'
[3.634s] INFO:colcon.colcon_core.shell:Creating package script '/home/u1/ros2_ws/src/rover_package/install/rover_package/share/rover_package/package.sh'
[3.635s] INFO:colcon.colcon_core.shell:Creating package script '/home/u1/ros2_ws/src/rover_package/install/rover_package/share/rover_package/package.bash'
[3.636s] INFO:colcon.colcon_core.shell:Creating package script '/home/u1/ros2_ws/src/rover_package/install/rover_package/share/rover_package/package.zsh'
[3.638s] Level 1:colcon.colcon_core.environment:create_file_with_runtime_dependencies(/home/u1/ros2_ws/src/rover_package/install/rover_package/share/colcon-core/packages/rover_package)
[3.638s] DEBUG:colcon.colcon_parallel_executor.executor.parallel:closing loop
[3.640s] DEBUG:colcon.colcon_parallel_executor.executor.parallel:loop closed
[3.640s] DEBUG:colcon.colcon_parallel_executor.executor.parallel:run_until_complete finished with '0'
[3.640s] DEBUG:colcon.colcon_core.event_reactor:joining thread
[1.833s] INFO:colcon.colcon_core.plugin_system:Skipping extension 'colcon_notification.desktop_notification.notify_send': Could not find 'notify-send'
[1.833s] INFO:colcon.colcon_core.plugin_system:Skipping extension 'colcon_notification.desktop_notification.terminal_notifier': Not used on non-Darwin systems
[1.833s] INFO:colcon.colcon_core.plugin_system:Skipping extension 'colcon_notification.desktop_notification.win32': Not used on non-Windows systems
[1.834s] INFO:colcon.colcon_notification.desktop_notification:Sending desktop notification using 'notify2'
[1.834s] DEBUG:colcon.colcon_notification.desktop_notification.notify2:Failed to initialize notify2: org.freedesktop.DBus.Error.FileNotFound: Failed to connect to socket /run/user/1000/bus: No such file or directory
[1.834s] DEBUG:colcon.colcon_core.event_reactor:joined thread
[1.835s] INFO:colcon.colcon_core.shell:Creating prefix script '/home/u1/ros2_ws/src/rover_package/install/local_setup.ps1'
[1.839s] INFO:colcon.colcon_core.shell:Creating prefix util module '/home/u1/ros2_ws/src/rover_package/install/_local_setup_util_ps1.py'
[1.842s] INFO:colcon.colcon_core.shell:Creating prefix chain script '/home/u1/ros2_ws/src/rover_package/install/setup.ps1'
[1.848s] INFO:colcon.colcon_core.shell:Creating prefix script '/home/u1/ros2_ws/src/rover_package/install/local_setup.sh'
[1.850s] INFO:colcon.colcon_core.shell:Creating prefix util module '/home/u1/ros2_ws/src/rover_package/install/_local_setup_util_sh.py'
[1.851s] INFO:colcon.colcon_core.shell:Creating prefix chain script '/home/u1/ros2_ws/src/rover_package/install/setup.sh'
[1.856s] INFO:colcon.colcon_core.shell:Creating prefix script '/home/u1/ros2_ws/src/rover_package/install/local_setup.bash'
[1.857s] INFO:colcon.colcon_core.shell:Creating prefix chain script '/home/u1/ros2_ws/src/rover_package/install/setup.bash'
[1.863s] INFO:colcon.colcon_core.shell:Creating prefix script '/home/u1/ros2_ws/src/rover_package/install/local_setup.zsh'
[1.864s] INFO:colcon.colcon_core.shell:Creating prefix chain script '/home/u1/ros2_ws/src/rover_package/install/setup.zsh'
