/home/u1/ros2_ws/src/rover_package/install/rover_package/lib/python3.10/site-packages/rover_package/__init__.py
/home/u1/ros2_ws/src/rover_package/install/rover_package/lib/python3.10/site-packages/rover_package/main_run.py
/home/u1/ros2_ws/src/rover_package/install/rover_package/lib/python3.10/site-packages/rover_package/my_robot_driver.py
/home/u1/ros2_ws/src/rover_package/install/rover_package/lib/python3.10/site-packages/rover_package/__pycache__/__init__.cpython-310.pyc
/home/u1/ros2_ws/src/rover_package/install/rover_package/lib/python3.10/site-packages/rover_package/__pycache__/main_run.cpython-310.pyc
/home/u1/ros2_ws/src/rover_package/install/rover_package/lib/python3.10/site-packages/rover_package/__pycache__/my_robot_driver.cpython-310.pyc
/home/u1/ros2_ws/src/rover_package/install/rover_package/share/ament_index/resource_index/packages/rover_package
/home/u1/ros2_ws/src/rover_package/install/rover_package/share/rover_package/launch/robot_launch.py
/home/u1/ros2_ws/src/rover_package/install/rover_package/share/rover_package/worlds/my_world.wbt
/home/u1/ros2_ws/src/rover_package/install/rover_package/share/rover_package/resource/my_robot.urdf
/home/u1/ros2_ws/src/rover_package/install/rover_package/share/rover_package/package.xml
/home/u1/ros2_ws/src/rover_package/install/rover_package/lib/python3.10/site-packages/rover_package-0.0.0-py3.10.egg-info/entry_points.txt
/home/u1/ros2_ws/src/rover_package/install/rover_package/lib/python3.10/site-packages/rover_package-0.0.0-py3.10.egg-info/top_level.txt
/home/u1/ros2_ws/src/rover_package/install/rover_package/lib/python3.10/site-packages/rover_package-0.0.0-py3.10.egg-info/dependency_links.txt
/home/u1/ros2_ws/src/rover_package/install/rover_package/lib/python3.10/site-packages/rover_package-0.0.0-py3.10.egg-info/SOURCES.txt
/home/u1/ros2_ws/src/rover_package/install/rover_package/lib/python3.10/site-packages/rover_package-0.0.0-py3.10.egg-info/zip-safe
/home/u1/ros2_ws/src/rover_package/install/rover_package/lib/python3.10/site-packages/rover_package-0.0.0-py3.10.egg-info/requires.txt
/home/u1/ros2_ws/src/rover_package/install/rover_package/lib/python3.10/site-packages/rover_package-0.0.0-py3.10.egg-info/PKG-INFO
/home/u1/ros2_ws/src/rover_package/install/rover_package/lib/rover_package/main_run
/home/u1/ros2_ws/src/rover_package/install/rover_package/lib/rover_package/my_robot_driver
